2022-04-15 00:24:48.961 | DEBUG    | FUNCLG.character.equipment:__init__:44 - Created Equipment: Bow_
2022-04-15 00:24:49.004 | DEBUG    | FUNCLG.character.equipment:__init__:44 - Created Equipment: _Light
2022-04-15 00:24:49.005 | DEBUG    | FUNCLG.character.equipment:__init__:44 - Created Equipment: _Medium
2022-04-15 00:24:49.006 | DEBUG    | FUNCLG.character.equipment:__init__:44 - Created Equipment: _Heavy
2022-04-15 00:24:49.007 | DEBUG    | FUNCLG.character.equipment:__init__:44 - Created Equipment: _
2022-04-15 00:24:49.009 | DEBUG    | FUNCLG.character.equipment:__init__:44 - Created Equipment: Sword_Light
2022-04-15 00:24:49.010 | DEBUG    | FUNCLG.character.equipment:__init__:44 - Created Equipment: Sword_Light
2022-04-15 00:24:49.012 | DEBUG    | FUNCLG.character.equipment:__init__:44 - Created Equipment: Sword_Light
2022-04-15 00:24:49.013 | DEBUG    | FUNCLG.character.equipment:__init__:44 - Created Equipment: Sword_Medium
2022-04-15 00:24:49.014 | DEBUG    | FUNCLG.character.equipment:__init__:44 - Created Equipment: Sword_Heavy
2022-04-15 00:24:49.014 | DEBUG    | FUNCLG.character.equipment:__init__:44 - Created Equipment: Sword_
2022-04-15 00:24:49.015 | DEBUG    | FUNCLG.character.equipment:__init__:44 - Created Equipment: Wand_Light
2022-04-15 00:24:49.015 | DEBUG    | FUNCLG.character.equipment:__init__:44 - Created Equipment: Wand_Medium
2022-04-15 00:24:49.016 | DEBUG    | FUNCLG.character.equipment:__init__:44 - Created Equipment: Wand_Heavy
2022-04-15 00:24:49.016 | DEBUG    | FUNCLG.character.equipment:__init__:44 - Created Equipment: Wand_
2022-04-15 00:24:49.017 | DEBUG    | FUNCLG.character.equipment:__init__:44 - Created Equipment: Knife_Light
2022-04-15 00:24:49.018 | DEBUG    | FUNCLG.character.equipment:__init__:44 - Created Equipment: Knife_Medium
2022-04-15 00:24:49.018 | DEBUG    | FUNCLG.character.equipment:__init__:44 - Created Equipment: Knife_Heavy
2022-04-15 00:24:49.018 | DEBUG    | FUNCLG.character.equipment:__init__:44 - Created Equipment: Knife_
2022-04-15 00:24:49.019 | DEBUG    | FUNCLG.character.equipment:__init__:44 - Created Equipment: Spear_Light
2022-04-15 00:24:49.019 | DEBUG    | FUNCLG.character.equipment:__init__:44 - Created Equipment: Spear_Medium
2022-04-15 00:24:49.020 | DEBUG    | FUNCLG.character.equipment:__init__:44 - Created Equipment: Spear_Heavy
2022-04-15 00:24:49.020 | DEBUG    | FUNCLG.character.equipment:__init__:44 - Created Equipment: Spear_
2022-04-15 00:24:49.020 | DEBUG    | FUNCLG.character.equipment:__init__:44 - Created Equipment: Bow_Light
2022-04-15 00:24:49.021 | DEBUG    | FUNCLG.character.equipment:__init__:44 - Created Equipment: Bow_Medium
2022-04-15 00:24:49.021 | DEBUG    | FUNCLG.character.equipment:__init__:44 - Created Equipment: Bow_Heavy
2022-04-15 00:24:49.021 | DEBUG    | FUNCLG.character.equipment:__init__:44 - Created Equipment: Bow_
2022-04-15 00:24:49.022 | DEBUG    | FUNCLG.character.equipment:__init__:44 - Created Equipment: _Light
2022-04-15 00:24:49.022 | DEBUG    | FUNCLG.character.equipment:__init__:44 - Created Equipment: _Medium
2022-04-15 00:24:49.022 | DEBUG    | FUNCLG.character.equipment:__init__:44 - Created Equipment: _Heavy
2022-04-15 00:24:49.023 | DEBUG    | FUNCLG.character.equipment:__init__:44 - Created Equipment: _
2022-04-15 00:24:49.048 | DEBUG    | FUNCLG.character.abilities:__init__:37 - Created Ability: Fireball
2022-04-15 00:24:49.049 | DEBUG    | FUNCLG.character.abilities:__init__:37 - Created Ability: Slash
2022-04-15 00:24:49.050 | DEBUG    | FUNCLG.character.abilities:__init__:37 - Created Ability: Holy Light
2022-04-15 00:24:49.050 | DEBUG    | FUNCLG.character.abilities:__init__:37 - Created Ability: Buff Test
2022-04-15 00:24:49.051 | DEBUG    | FUNCLG.character.abilities:__init__:37 - Created Ability: Armor Buff
2022-04-15 00:24:49.052 | DEBUG    | FUNCLG.character.abilities:__init__:37 - Created Ability: Debuff Test
2022-04-15 00:24:49.052 | DEBUG    | FUNCLG.character.abilities:__init__:37 - Created Ability: Drain
2022-04-15 00:24:49.053 | DEBUG    | FUNCLG.character.abilities:__init__:37 - Created Ability: Fireball
2022-04-15 00:24:49.053 | DEBUG    | FUNCLG.character.abilities:__init__:37 - Created Ability: Slash
2022-04-15 00:24:49.054 | DEBUG    | FUNCLG.character.abilities:__init__:37 - Created Ability: Holy Light
2022-04-15 00:24:49.054 | DEBUG    | FUNCLG.character.abilities:__init__:37 - Created Ability: Buff Test
2022-04-15 00:24:49.055 | DEBUG    | FUNCLG.character.abilities:__init__:37 - Created Ability: Armor Buff
2022-04-15 00:24:49.055 | DEBUG    | FUNCLG.character.abilities:__init__:37 - Created Ability: Debuff Test
2022-04-15 00:24:49.056 | DEBUG    | FUNCLG.character.abilities:__init__:37 - Created Ability: Drain
2022-04-15 00:24:49.056 | DEBUG    | FUNCLG.character.abilities:__init__:37 - Created Ability: Slash
2022-04-15 00:24:49.057 | DEBUG    | FUNCLG.character.abilities:__init__:37 - Created Ability: Holy Light
2022-04-15 00:24:49.057 | INFO     | FUNCLG.character.roles:__init__:43 - Created Role: Warrior
2022-04-15 00:24:49.057 | DEBUG    | FUNCLG.character.abilities:__init__:37 - Created Ability: Buff Test
2022-04-15 00:24:49.058 | SUCCESS  | FUNCLG.character.roles:add_power:53 - Added Buff Test to Warrior
2022-04-15 00:24:49.058 | DEBUG    | FUNCLG.character.abilities:__init__:37 - Created Ability: Debuff Test
2022-04-15 00:24:49.058 | SUCCESS  | FUNCLG.character.roles:add_power:53 - Added Debuff Test to Warrior
2022-04-15 00:24:49.059 | DEBUG    | FUNCLG.character.abilities:__init__:37 - Created Ability: Armor Buff
2022-04-15 00:24:49.059 | SUCCESS  | FUNCLG.character.roles:add_power:53 - Added Armor Buff to Warrior
2022-04-15 00:24:49.060 | WARNING  | FUNCLG.character.roles:add_power:57 - Fireball(Magic) is not compatible with Warrior(['Buff', 'Physical', 'Debuff', 'Healing'])
2022-04-15 00:24:49.060 | WARNING  | FUNCLG.character.roles:add_power:55 - Max abilities reached!
2022-04-15 00:24:49.063 | DEBUG    | FUNCLG.character.abilities:__init__:37 - Created Ability: Fireball
2022-04-15 00:24:49.063 | DEBUG    | FUNCLG.character.abilities:__init__:37 - Created Ability: Slash
2022-04-15 00:24:49.063 | DEBUG    | FUNCLG.character.abilities:__init__:37 - Created Ability: Holy Light
2022-04-15 00:24:49.064 | DEBUG    | FUNCLG.character.abilities:__init__:37 - Created Ability: Buff Test
2022-04-15 00:24:49.064 | DEBUG    | FUNCLG.character.abilities:__init__:37 - Created Ability: Armor Buff
2022-04-15 00:24:49.065 | DEBUG    | FUNCLG.character.abilities:__init__:37 - Created Ability: Debuff Test
2022-04-15 00:24:49.066 | DEBUG    | FUNCLG.character.abilities:__init__:37 - Created Ability: Drain
2022-04-15 00:24:49.067 | DEBUG    | FUNCLG.character.abilities:__init__:37 - Created Ability: Slash
2022-04-15 00:24:49.068 | DEBUG    | FUNCLG.character.abilities:__init__:37 - Created Ability: Holy Light
2022-04-15 00:24:49.069 | INFO     | FUNCLG.character.roles:__init__:43 - Created Role: Warrior
2022-04-15 00:24:49.070 | DEBUG    | FUNCLG.character.abilities:__init__:37 - Created Ability: Fireball
2022-04-15 00:24:49.070 | DEBUG    | FUNCLG.character.abilities:__init__:37 - Created Ability: Slash
2022-04-15 00:24:49.071 | DEBUG    | FUNCLG.character.abilities:__init__:37 - Created Ability: Holy Light
2022-04-15 00:24:49.072 | DEBUG    | FUNCLG.character.abilities:__init__:37 - Created Ability: Buff Test
2022-04-15 00:24:49.072 | DEBUG    | FUNCLG.character.abilities:__init__:37 - Created Ability: Armor Buff
2022-04-15 00:24:49.073 | DEBUG    | FUNCLG.character.abilities:__init__:37 - Created Ability: Debuff Test
2022-04-15 00:24:49.074 | DEBUG    | FUNCLG.character.abilities:__init__:37 - Created Ability: Drain
2022-04-15 00:24:49.074 | DEBUG    | FUNCLG.character.abilities:__init__:37 - Created Ability: Debuff Test
2022-04-15 00:24:49.075 | INFO     | FUNCLG.character.roles:__init__:43 - Created Role: Rouge
2022-04-15 00:24:49.076 | INFO     | FUNCLG.character.roles:__init__:43 - Created Role: Mage
2022-04-15 00:24:49.081 | INFO     | FUNCLG.character.roles:__init__:43 - Created Role: Warrior
2022-04-15 00:24:49.082 | INFO     | FUNCLG.character.roles:__init__:43 - Created Role: Rouge
2022-04-15 00:24:49.082 | DEBUG    | FUNCLG.character.abilities:__init__:37 - Created Ability: Fireball
2022-04-15 00:24:49.083 | DEBUG    | FUNCLG.character.abilities:__init__:37 - Created Ability: Slash
2022-04-15 00:24:49.084 | DEBUG    | FUNCLG.character.abilities:__init__:37 - Created Ability: Holy Light
2022-04-15 00:24:49.084 | DEBUG    | FUNCLG.character.abilities:__init__:37 - Created Ability: Buff Test
2022-04-15 00:24:49.085 | DEBUG    | FUNCLG.character.abilities:__init__:37 - Created Ability: Armor Buff
2022-04-15 00:24:49.086 | DEBUG    | FUNCLG.character.abilities:__init__:37 - Created Ability: Debuff Test
2022-04-15 00:24:49.086 | DEBUG    | FUNCLG.character.abilities:__init__:37 - Created Ability: Drain
2022-04-15 00:24:49.087 | DEBUG    | FUNCLG.character.abilities:__init__:37 - Created Ability: Slash
2022-04-15 00:24:49.087 | SUCCESS  | FUNCLG.character.roles:add_power:53 - Added Slash to Rouge
2022-04-15 00:24:49.088 | DEBUG    | FUNCLG.character.abilities:__init__:37 - Created Ability: Slash
2022-04-15 00:24:49.088 | SUCCESS  | FUNCLG.character.roles:add_power:53 - Added Slash to Warrior
2022-04-15 00:24:49.091 | DEBUG    | FUNCLG.character.abilities:__init__:37 - Created Ability: Fireball
2022-04-15 00:24:49.091 | DEBUG    | FUNCLG.character.abilities:__init__:37 - Created Ability: Slash
2022-04-15 00:24:49.092 | DEBUG    | FUNCLG.character.abilities:__init__:37 - Created Ability: Holy Light
2022-04-15 00:24:49.092 | DEBUG    | FUNCLG.character.abilities:__init__:37 - Created Ability: Buff Test
2022-04-15 00:24:49.092 | DEBUG    | FUNCLG.character.abilities:__init__:37 - Created Ability: Armor Buff
2022-04-15 00:24:49.093 | DEBUG    | FUNCLG.character.abilities:__init__:37 - Created Ability: Debuff Test
2022-04-15 00:24:49.093 | DEBUG    | FUNCLG.character.abilities:__init__:37 - Created Ability: Drain
2022-04-15 00:24:49.093 | DEBUG    | FUNCLG.character.abilities:__init__:37 - Created Ability: Slash
2022-04-15 00:24:49.094 | DEBUG    | FUNCLG.character.abilities:__init__:37 - Created Ability: Holy Light
2022-04-15 00:24:49.094 | INFO     | FUNCLG.character.roles:__init__:43 - Created Role: Warrior
2022-04-15 00:24:49.094 | DEBUG    | FUNCLG.character.abilities:__init__:37 - Created Ability: Fireball
2022-04-15 00:24:49.095 | DEBUG    | FUNCLG.character.abilities:__init__:37 - Created Ability: Slash
2022-04-15 00:24:49.095 | DEBUG    | FUNCLG.character.abilities:__init__:37 - Created Ability: Holy Light
2022-04-15 00:24:49.095 | DEBUG    | FUNCLG.character.abilities:__init__:37 - Created Ability: Buff Test
2022-04-15 00:24:49.096 | DEBUG    | FUNCLG.character.abilities:__init__:37 - Created Ability: Armor Buff
2022-04-15 00:24:49.096 | DEBUG    | FUNCLG.character.abilities:__init__:37 - Created Ability: Debuff Test
2022-04-15 00:24:49.097 | DEBUG    | FUNCLG.character.abilities:__init__:37 - Created Ability: Drain
2022-04-15 00:24:49.097 | DEBUG    | FUNCLG.character.abilities:__init__:37 - Created Ability: Debuff Test
2022-04-15 00:24:49.097 | INFO     | FUNCLG.character.roles:__init__:43 - Created Role: Rouge
2022-04-15 00:24:49.098 | INFO     | FUNCLG.character.roles:__init__:43 - Created Role: Mage
2022-04-15 00:24:49.098 | INFO     | FUNCLG.character.roles:export:90 - Exporting Role: Warrior
2022-04-15 00:24:49.099 | INFO     | FUNCLG.character.abilities:export:50 - Exporting Ability: Slash
2022-04-15 00:24:49.099 | INFO     | FUNCLG.character.abilities:export:50 - Exporting Ability: Holy Light
2022-04-15 00:24:49.100 | INFO     | FUNCLG.character.roles:export:90 - Exporting Role: Warrior
2022-04-15 00:24:49.100 | INFO     | FUNCLG.character.roles:export:90 - Exporting Role: Rouge
2022-04-15 00:24:49.101 | INFO     | FUNCLG.character.abilities:export:50 - Exporting Ability: Debuff Test
2022-04-15 00:24:49.101 | INFO     | FUNCLG.character.roles:export:90 - Exporting Role: Rouge
2022-04-15 00:24:49.102 | INFO     | FUNCLG.character.roles:export:90 - Exporting Role: Mage
2022-04-15 00:24:49.102 | INFO     | FUNCLG.character.roles:export:90 - Exporting Role: Mage
2022-04-15 00:24:49.105 | DEBUG    | FUNCLG.character.abilities:__init__:37 - Created Ability: Fireball
2022-04-15 00:24:49.106 | DEBUG    | FUNCLG.character.abilities:__init__:37 - Created Ability: Slash
2022-04-15 00:24:49.106 | DEBUG    | FUNCLG.character.abilities:__init__:37 - Created Ability: Holy Light
2022-04-15 00:24:49.107 | DEBUG    | FUNCLG.character.abilities:__init__:37 - Created Ability: Buff Test
2022-04-15 00:24:49.107 | DEBUG    | FUNCLG.character.abilities:__init__:37 - Created Ability: Armor Buff
2022-04-15 00:24:49.107 | DEBUG    | FUNCLG.character.abilities:__init__:37 - Created Ability: Debuff Test
2022-04-15 00:24:49.108 | DEBUG    | FUNCLG.character.abilities:__init__:37 - Created Ability: Drain
2022-04-15 00:24:49.108 | DEBUG    | FUNCLG.character.abilities:__init__:37 - Created Ability: Slash
2022-04-15 00:24:49.108 | DEBUG    | FUNCLG.character.abilities:__init__:37 - Created Ability: Holy Light
2022-04-15 00:24:49.109 | INFO     | FUNCLG.character.roles:__init__:43 - Created Role: Warrior
2022-04-15 00:24:49.109 | INFO     | FUNCLG.character.roles:__init__:43 - Created Role: Mage
2022-04-15 00:24:49.111 | DEBUG    | FUNCLG.character.abilities:__init__:37 - Created Ability: Fireball
2022-04-15 00:24:49.112 | DEBUG    | FUNCLG.character.abilities:__init__:37 - Created Ability: Slash
2022-04-15 00:24:49.112 | DEBUG    | FUNCLG.character.abilities:__init__:37 - Created Ability: Holy Light
2022-04-15 00:24:49.113 | DEBUG    | FUNCLG.character.abilities:__init__:37 - Created Ability: Buff Test
2022-04-15 00:24:49.113 | DEBUG    | FUNCLG.character.abilities:__init__:37 - Created Ability: Armor Buff
2022-04-15 00:24:49.113 | DEBUG    | FUNCLG.character.abilities:__init__:37 - Created Ability: Debuff Test
2022-04-15 00:24:49.114 | DEBUG    | FUNCLG.character.abilities:__init__:37 - Created Ability: Drain
2022-04-15 00:24:49.114 | DEBUG    | FUNCLG.character.abilities:__init__:37 - Created Ability: Slash
2022-04-15 00:24:49.114 | DEBUG    | FUNCLG.character.abilities:__init__:37 - Created Ability: Holy Light
2022-04-15 00:24:49.115 | INFO     | FUNCLG.character.roles:__init__:43 - Created Role: Warrior
2022-04-15 00:24:49.115 | DEBUG    | FUNCLG.character.abilities:__init__:37 - Created Ability: Fireball
2022-04-15 00:24:49.116 | DEBUG    | FUNCLG.character.abilities:__init__:37 - Created Ability: Slash
2022-04-15 00:24:49.117 | DEBUG    | FUNCLG.character.abilities:__init__:37 - Created Ability: Holy Light
2022-04-15 00:24:49.117 | DEBUG    | FUNCLG.character.abilities:__init__:37 - Created Ability: Buff Test
2022-04-15 00:24:49.118 | DEBUG    | FUNCLG.character.abilities:__init__:37 - Created Ability: Armor Buff
2022-04-15 00:24:49.118 | DEBUG    | FUNCLG.character.abilities:__init__:37 - Created Ability: Debuff Test
2022-04-15 00:24:49.119 | DEBUG    | FUNCLG.character.abilities:__init__:37 - Created Ability: Drain
2022-04-15 00:24:49.119 | DEBUG    | FUNCLG.character.abilities:__init__:37 - Created Ability: Debuff Test
2022-04-15 00:24:49.120 | INFO     | FUNCLG.character.roles:__init__:43 - Created Role: Rouge
2022-04-15 00:24:49.120 | INFO     | FUNCLG.character.roles:__init__:43 - Created Role: Mage
2022-04-15 00:24:49.123 | DEBUG    | FUNCLG.character.abilities:__init__:37 - Created Ability: Fireball
2022-04-15 00:24:49.123 | DEBUG    | FUNCLG.character.abilities:__init__:37 - Created Ability: Slash
2022-04-15 00:24:49.124 | DEBUG    | FUNCLG.character.abilities:__init__:37 - Created Ability: Holy Light
2022-04-15 00:24:49.124 | DEBUG    | FUNCLG.character.abilities:__init__:37 - Created Ability: Buff Test
2022-04-15 00:24:49.124 | DEBUG    | FUNCLG.character.abilities:__init__:37 - Created Ability: Armor Buff
2022-04-15 00:24:49.125 | DEBUG    | FUNCLG.character.abilities:__init__:37 - Created Ability: Debuff Test
2022-04-15 00:24:49.125 | DEBUG    | FUNCLG.character.abilities:__init__:37 - Created Ability: Drain
2022-04-15 00:24:49.125 | DEBUG    | FUNCLG.character.abilities:__init__:37 - Created Ability: Slash
2022-04-15 00:24:49.126 | DEBUG    | FUNCLG.character.abilities:__init__:37 - Created Ability: Holy Light
2022-04-15 00:24:49.126 | INFO     | FUNCLG.character.roles:__init__:43 - Created Role: Warrior
2022-04-15 00:24:49.127 | DEBUG    | FUNCLG.character.abilities:__init__:37 - Created Ability: Fireball
2022-04-15 00:24:49.127 | DEBUG    | FUNCLG.character.abilities:__init__:37 - Created Ability: Slash
2022-04-15 00:24:49.127 | DEBUG    | FUNCLG.character.abilities:__init__:37 - Created Ability: Holy Light
2022-04-15 00:24:49.128 | DEBUG    | FUNCLG.character.abilities:__init__:37 - Created Ability: Buff Test
2022-04-15 00:24:49.128 | DEBUG    | FUNCLG.character.abilities:__init__:37 - Created Ability: Armor Buff
2022-04-15 00:24:49.128 | DEBUG    | FUNCLG.character.abilities:__init__:37 - Created Ability: Debuff Test
2022-04-15 00:24:49.129 | DEBUG    | FUNCLG.character.abilities:__init__:37 - Created Ability: Drain
2022-04-15 00:24:49.129 | DEBUG    | FUNCLG.character.abilities:__init__:37 - Created Ability: Debuff Test
2022-04-15 00:24:49.129 | INFO     | FUNCLG.character.roles:__init__:43 - Created Role: Rouge
2022-04-15 00:24:49.130 | INFO     | FUNCLG.character.roles:__init__:43 - Created Role: Mage
2022-04-15 00:24:49.130 | INFO     | FUNCLG.character.roles:export:90 - Exporting Role: Warrior
2022-04-15 00:24:49.131 | INFO     | FUNCLG.character.abilities:export:50 - Exporting Ability: Slash
2022-04-15 00:24:49.131 | INFO     | FUNCLG.character.abilities:export:50 - Exporting Ability: Holy Light
2022-04-15 00:24:49.132 | INFO     | FUNCLG.character.roles:export:90 - Exporting Role: Rouge
2022-04-15 00:24:49.132 | INFO     | FUNCLG.character.abilities:export:50 - Exporting Ability: Debuff Test
2022-04-15 00:24:49.133 | INFO     | FUNCLG.character.roles:export:90 - Exporting Role: Mage
2022-04-15 00:24:49.137 | DEBUG    | FUNCLG.character.abilities:__init__:37 - Created Ability: Fireball
2022-04-15 00:24:49.137 | DEBUG    | FUNCLG.character.abilities:__init__:37 - Created Ability: Slash
2022-04-15 00:24:49.137 | DEBUG    | FUNCLG.character.abilities:__init__:37 - Created Ability: Holy Light
2022-04-15 00:24:49.138 | DEBUG    | FUNCLG.character.abilities:__init__:37 - Created Ability: Buff Test
2022-04-15 00:24:49.138 | DEBUG    | FUNCLG.character.abilities:__init__:37 - Created Ability: Armor Buff
2022-04-15 00:24:49.139 | DEBUG    | FUNCLG.character.abilities:__init__:37 - Created Ability: Debuff Test
2022-04-15 00:24:49.139 | DEBUG    | FUNCLG.character.abilities:__init__:37 - Created Ability: Drain
2022-04-15 00:24:49.139 | DEBUG    | FUNCLG.character.abilities:__init__:37 - Created Ability: Slash
2022-04-15 00:24:49.140 | DEBUG    | FUNCLG.character.abilities:__init__:37 - Created Ability: Holy Light
2022-04-15 00:24:49.140 | INFO     | FUNCLG.character.roles:__init__:43 - Created Role: Warrior
2022-04-15 00:24:49.140 | DEBUG    | FUNCLG.character.abilities:__init__:37 - Created Ability: Fireball
2022-04-15 00:24:49.141 | DEBUG    | FUNCLG.character.abilities:__init__:37 - Created Ability: Slash
2022-04-15 00:24:49.141 | DEBUG    | FUNCLG.character.abilities:__init__:37 - Created Ability: Holy Light
2022-04-15 00:24:49.141 | DEBUG    | FUNCLG.character.abilities:__init__:37 - Created Ability: Buff Test
2022-04-15 00:24:49.142 | DEBUG    | FUNCLG.character.abilities:__init__:37 - Created Ability: Armor Buff
2022-04-15 00:24:49.142 | DEBUG    | FUNCLG.character.abilities:__init__:37 - Created Ability: Debuff Test
2022-04-15 00:24:49.142 | DEBUG    | FUNCLG.character.abilities:__init__:37 - Created Ability: Drain
2022-04-15 00:24:49.143 | DEBUG    | FUNCLG.character.abilities:__init__:37 - Created Ability: Debuff Test
2022-04-15 00:24:49.143 | INFO     | FUNCLG.character.roles:__init__:43 - Created Role: Rouge
2022-04-15 00:24:49.143 | INFO     | FUNCLG.character.roles:__init__:43 - Created Role: Mage
2022-04-15 00:24:49.143 | INFO     | FUNCLG.character.roles:print_to_file:100 - Saving Role: Warrior
2022-04-15 00:24:49.144 | INFO     | FUNCLG.character.roles:export:90 - Exporting Role: Warrior
2022-04-15 00:24:49.145 | INFO     | FUNCLG.character.abilities:export:50 - Exporting Ability: Slash
2022-04-15 00:24:49.145 | INFO     | FUNCLG.character.abilities:export:50 - Exporting Ability: Holy Light
2022-04-15 00:24:49.146 | INFO     | FUNCLG.character.roles:print_to_file:100 - Saving Role: Rouge
2022-04-15 00:24:49.147 | INFO     | FUNCLG.character.roles:export:90 - Exporting Role: Rouge
2022-04-15 00:24:49.148 | INFO     | FUNCLG.character.abilities:export:50 - Exporting Ability: Debuff Test
2022-04-15 00:24:49.149 | INFO     | FUNCLG.character.roles:print_to_file:100 - Saving Role: Mage
2022-04-15 00:24:49.150 | INFO     | FUNCLG.character.roles:export:90 - Exporting Role: Mage
2022-04-15 00:24:49.153 | DEBUG    | FUNCLG.character.abilities:__init__:37 - Created Ability: Fireball
2022-04-15 00:24:49.154 | DEBUG    | FUNCLG.character.abilities:__init__:37 - Created Ability: Slash
2022-04-15 00:24:49.154 | DEBUG    | FUNCLG.character.abilities:__init__:37 - Created Ability: Holy Light
2022-04-15 00:24:49.155 | DEBUG    | FUNCLG.character.abilities:__init__:37 - Created Ability: Buff Test
2022-04-15 00:24:49.155 | DEBUG    | FUNCLG.character.abilities:__init__:37 - Created Ability: Armor Buff
2022-04-15 00:24:49.155 | DEBUG    | FUNCLG.character.abilities:__init__:37 - Created Ability: Debuff Test
2022-04-15 00:24:49.156 | DEBUG    | FUNCLG.character.abilities:__init__:37 - Created Ability: Drain
2022-04-15 00:24:49.156 | DEBUG    | FUNCLG.character.abilities:__init__:37 - Created Ability: Slash
2022-04-15 00:24:49.156 | DEBUG    | FUNCLG.character.abilities:__init__:37 - Created Ability: Holy Light
2022-04-15 00:24:49.157 | INFO     | FUNCLG.character.roles:__init__:43 - Created Role: Warrior
2022-04-15 00:24:49.159 | DEBUG    | FUNCLG.character.abilities:__init__:37 - Created Ability: Fireball
2022-04-15 00:24:49.159 | DEBUG    | FUNCLG.character.abilities:__init__:37 - Created Ability: Slash
2022-04-15 00:24:49.160 | DEBUG    | FUNCLG.character.abilities:__init__:37 - Created Ability: Holy Light
2022-04-15 00:24:49.160 | DEBUG    | FUNCLG.character.abilities:__init__:37 - Created Ability: Buff Test
2022-04-15 00:24:49.160 | DEBUG    | FUNCLG.character.abilities:__init__:37 - Created Ability: Armor Buff
2022-04-15 00:24:49.161 | DEBUG    | FUNCLG.character.abilities:__init__:37 - Created Ability: Debuff Test
2022-04-15 00:24:49.161 | DEBUG    | FUNCLG.character.abilities:__init__:37 - Created Ability: Drain
2022-04-15 00:24:49.162 | DEBUG    | FUNCLG.character.abilities:__init__:37 - Created Ability: Slash
2022-04-15 00:24:49.162 | DEBUG    | FUNCLG.character.abilities:__init__:37 - Created Ability: Holy Light
2022-04-15 00:24:49.162 | INFO     | FUNCLG.character.roles:__init__:43 - Created Role: Warrior
2022-04-15 00:24:49.163 | DEBUG    | FUNCLG.character.abilities:__init__:37 - Created Ability: Fireball
2022-04-15 00:24:49.163 | DEBUG    | FUNCLG.character.abilities:__init__:37 - Created Ability: Slash
2022-04-15 00:24:49.163 | DEBUG    | FUNCLG.character.abilities:__init__:37 - Created Ability: Holy Light
2022-04-15 00:24:49.163 | DEBUG    | FUNCLG.character.abilities:__init__:37 - Created Ability: Buff Test
2022-04-15 00:24:49.164 | DEBUG    | FUNCLG.character.abilities:__init__:37 - Created Ability: Armor Buff
2022-04-15 00:24:49.164 | DEBUG    | FUNCLG.character.abilities:__init__:37 - Created Ability: Debuff Test
2022-04-15 00:24:49.164 | DEBUG    | FUNCLG.character.abilities:__init__:37 - Created Ability: Drain
2022-04-15 00:24:49.165 | DEBUG    | FUNCLG.character.abilities:__init__:37 - Created Ability: Debuff Test
2022-04-15 00:24:49.165 | INFO     | FUNCLG.character.roles:__init__:43 - Created Role: Rouge
2022-04-15 00:24:49.166 | INFO     | FUNCLG.character.roles:__init__:43 - Created Role: Mage
