2022-03-28 17:17:30.705 | INFO     | FUNCLG.character.abilities:__init__:38 - Created Ability: Holy Light
2022-03-28 17:17:30.720 | INFO     | FUNCLG.character.abilities:__init__:38 - Created Ability: Buff Test
2022-03-28 17:17:30.721 | INFO     | FUNCLG.character.abilities:__init__:38 - Created Ability: Armor Buff
2022-03-28 17:17:30.722 | INFO     | FUNCLG.character.abilities:__init__:38 - Created Ability: Debuff Test
2022-03-28 17:17:30.723 | INFO     | FUNCLG.character.abilities:__init__:38 - Created Ability: Drain
2022-03-28 17:17:30.724 | INFO     | FUNCLG.character.abilities:__init__:38 - Created Ability: Debuff Test
2022-03-28 17:17:30.725 | INFO     | FUNCLG.character.roles:__init__:43 - Created Role: Rouge
2022-03-28 17:17:30.726 | INFO     | FUNCLG.character.roles:__init__:43 - Created Role: Mage
2022-03-28 17:17:30.727 | INFO     | FUNCLG.character.roles:export:89 - Exporting Role: Warrior
2022-03-28 17:17:30.728 | INFO     | FUNCLG.character.abilities:export:52 - Exporting Ability: Slash
2022-03-28 17:17:30.729 | INFO     | FUNCLG.character.abilities:export:52 - Exporting Ability: Holy Light
2022-03-28 17:17:30.730 | INFO     | FUNCLG.character.roles:export:89 - Exporting Role: Warrior
2022-03-28 17:17:30.731 | INFO     | FUNCLG.character.roles:export:89 - Exporting Role: Rouge
2022-03-28 17:17:30.732 | INFO     | FUNCLG.character.abilities:export:52 - Exporting Ability: Debuff Test
2022-03-28 17:17:30.733 | INFO     | FUNCLG.character.roles:export:89 - Exporting Role: Rouge
2022-03-28 17:17:30.734 | INFO     | FUNCLG.character.roles:export:89 - Exporting Role: Mage
2022-03-28 17:17:30.734 | INFO     | FUNCLG.character.roles:export:89 - Exporting Role: Mage
2022-03-28 17:17:30.742 | INFO     | FUNCLG.character.abilities:__init__:38 - Created Ability: Fireball
2022-03-28 17:17:30.744 | INFO     | FUNCLG.character.abilities:__init__:38 - Created Ability: Slash
2022-03-28 17:17:30.745 | INFO     | FUNCLG.character.abilities:__init__:38 - Created Ability: Holy Light
2022-03-28 17:17:30.745 | INFO     | FUNCLG.character.abilities:__init__:38 - Created Ability: Buff Test
2022-03-28 17:17:30.746 | INFO     | FUNCLG.character.abilities:__init__:38 - Created Ability: Armor Buff
2022-03-28 17:17:30.747 | INFO     | FUNCLG.character.abilities:__init__:38 - Created Ability: Debuff Test
2022-03-28 17:17:30.748 | INFO     | FUNCLG.character.abilities:__init__:38 - Created Ability: Drain
2022-03-28 17:17:30.749 | INFO     | FUNCLG.character.abilities:__init__:38 - Created Ability: Slash
2022-03-28 17:17:30.750 | INFO     | FUNCLG.character.abilities:__init__:38 - Created Ability: Holy Light
2022-03-28 17:17:30.751 | INFO     | FUNCLG.character.roles:__init__:43 - Created Role: Warrior
2022-03-28 17:17:30.752 | INFO     | FUNCLG.character.roles:__init__:43 - Created Role: Mage
2022-03-28 17:17:30.757 | INFO     | FUNCLG.character.abilities:__init__:38 - Created Ability: Fireball
2022-03-28 17:17:30.759 | INFO     | FUNCLG.character.abilities:__init__:38 - Created Ability: Slash
2022-03-28 17:17:30.760 | INFO     | FUNCLG.character.abilities:__init__:38 - Created Ability: Holy Light
2022-03-28 17:17:30.760 | INFO     | FUNCLG.character.abilities:__init__:38 - Created Ability: Buff Test
2022-03-28 17:17:30.761 | INFO     | FUNCLG.character.abilities:__init__:38 - Created Ability: Armor Buff
2022-03-28 17:17:30.762 | INFO     | FUNCLG.character.abilities:__init__:38 - Created Ability: Debuff Test
2022-03-28 17:17:30.762 | INFO     | FUNCLG.character.abilities:__init__:38 - Created Ability: Drain
2022-03-28 17:17:30.763 | INFO     | FUNCLG.character.abilities:__init__:38 - Created Ability: Slash
2022-03-28 17:17:30.763 | INFO     | FUNCLG.character.abilities:__init__:38 - Created Ability: Holy Light
2022-03-28 17:17:30.764 | INFO     | FUNCLG.character.roles:__init__:43 - Created Role: Warrior
2022-03-28 17:17:30.764 | INFO     | FUNCLG.character.abilities:__init__:38 - Created Ability: Fireball
2022-03-28 17:17:30.765 | INFO     | FUNCLG.character.abilities:__init__:38 - Created Ability: Slash
2022-03-28 17:17:30.766 | INFO     | FUNCLG.character.abilities:__init__:38 - Created Ability: Holy Light
2022-03-28 17:17:30.766 | INFO     | FUNCLG.character.abilities:__init__:38 - Created Ability: Buff Test
2022-03-28 17:17:30.767 | INFO     | FUNCLG.character.abilities:__init__:38 - Created Ability: Armor Buff
2022-03-28 17:17:30.767 | INFO     | FUNCLG.character.abilities:__init__:38 - Created Ability: Debuff Test
2022-03-28 17:17:30.768 | INFO     | FUNCLG.character.abilities:__init__:38 - Created Ability: Drain
2022-03-28 17:17:30.768 | INFO     | FUNCLG.character.abilities:__init__:38 - Created Ability: Debuff Test
2022-03-28 17:17:30.769 | INFO     | FUNCLG.character.roles:__init__:43 - Created Role: Rouge
2022-03-28 17:17:30.770 | INFO     | FUNCLG.character.roles:__init__:43 - Created Role: Mage
2022-03-28 17:17:30.774 | INFO     | FUNCLG.character.abilities:__init__:38 - Created Ability: Fireball
2022-03-28 17:17:30.774 | INFO     | FUNCLG.character.abilities:__init__:38 - Created Ability: Slash
2022-03-28 17:17:30.775 | INFO     | FUNCLG.character.abilities:__init__:38 - Created Ability: Holy Light
2022-03-28 17:17:30.776 | INFO     | FUNCLG.character.abilities:__init__:38 - Created Ability: Buff Test
2022-03-28 17:17:30.777 | INFO     | FUNCLG.character.abilities:__init__:38 - Created Ability: Armor Buff
2022-03-28 17:17:30.778 | INFO     | FUNCLG.character.abilities:__init__:38 - Created Ability: Debuff Test
2022-03-28 17:17:30.779 | INFO     | FUNCLG.character.abilities:__init__:38 - Created Ability: Drain
2022-03-28 17:17:30.779 | INFO     | FUNCLG.character.abilities:__init__:38 - Created Ability: Slash
2022-03-28 17:17:30.780 | INFO     | FUNCLG.character.abilities:__init__:38 - Created Ability: Holy Light
2022-03-28 17:17:30.781 | INFO     | FUNCLG.character.roles:__init__:43 - Created Role: Warrior
2022-03-28 17:17:30.781 | INFO     | FUNCLG.character.abilities:__init__:38 - Created Ability: Fireball
2022-03-28 17:17:30.782 | INFO     | FUNCLG.character.abilities:__init__:38 - Created Ability: Slash
2022-03-28 17:17:30.782 | INFO     | FUNCLG.character.abilities:__init__:38 - Created Ability: Holy Light
2022-03-28 17:17:30.783 | INFO     | FUNCLG.character.abilities:__init__:38 - Created Ability: Buff Test
2022-03-28 17:17:30.783 | INFO     | FUNCLG.character.abilities:__init__:38 - Created Ability: Armor Buff
2022-03-28 17:17:30.784 | INFO     | FUNCLG.character.abilities:__init__:38 - Created Ability: Debuff Test
2022-03-28 17:17:30.784 | INFO     | FUNCLG.character.abilities:__init__:38 - Created Ability: Drain
2022-03-28 17:17:30.785 | INFO     | FUNCLG.character.abilities:__init__:38 - Created Ability: Debuff Test
2022-03-28 17:17:30.786 | INFO     | FUNCLG.character.roles:__init__:43 - Created Role: Rouge
2022-03-28 17:17:30.787 | INFO     | FUNCLG.character.roles:__init__:43 - Created Role: Mage
2022-03-28 17:17:30.788 | INFO     | FUNCLG.character.roles:export:89 - Exporting Role: Warrior
2022-03-28 17:17:30.789 | INFO     | FUNCLG.character.abilities:export:52 - Exporting Ability: Slash
2022-03-28 17:17:30.789 | INFO     | FUNCLG.character.abilities:export:52 - Exporting Ability: Holy Light
2022-03-28 17:17:30.790 | INFO     | FUNCLG.character.roles:export:89 - Exporting Role: Rouge
2022-03-28 17:17:30.791 | INFO     | FUNCLG.character.abilities:export:52 - Exporting Ability: Debuff Test
2022-03-28 17:17:30.792 | INFO     | FUNCLG.character.roles:export:89 - Exporting Role: Mage
2022-03-28 17:17:30.797 | INFO     | FUNCLG.character.abilities:__init__:38 - Created Ability: Fireball
2022-03-28 17:17:30.799 | INFO     | FUNCLG.character.abilities:__init__:38 - Created Ability: Slash
2022-03-28 17:17:30.800 | INFO     | FUNCLG.character.abilities:__init__:38 - Created Ability: Holy Light
2022-03-28 17:17:30.801 | INFO     | FUNCLG.character.abilities:__init__:38 - Created Ability: Buff Test
2022-03-28 17:17:30.801 | INFO     | FUNCLG.character.abilities:__init__:38 - Created Ability: Armor Buff
2022-03-28 17:17:30.802 | INFO     | FUNCLG.character.abilities:__init__:38 - Created Ability: Debuff Test
2022-03-28 17:17:30.802 | INFO     | FUNCLG.character.abilities:__init__:38 - Created Ability: Drain
2022-03-28 17:17:30.803 | INFO     | FUNCLG.character.abilities:__init__:38 - Created Ability: Slash
2022-03-28 17:17:30.804 | INFO     | FUNCLG.character.abilities:__init__:38 - Created Ability: Holy Light
2022-03-28 17:17:30.804 | INFO     | FUNCLG.character.roles:__init__:43 - Created Role: Warrior
2022-03-28 17:17:30.805 | INFO     | FUNCLG.character.abilities:__init__:38 - Created Ability: Fireball
2022-03-28 17:17:30.805 | INFO     | FUNCLG.character.abilities:__init__:38 - Created Ability: Slash
2022-03-28 17:17:30.806 | INFO     | FUNCLG.character.abilities:__init__:38 - Created Ability: Holy Light
2022-03-28 17:17:30.806 | INFO     | FUNCLG.character.abilities:__init__:38 - Created Ability: Buff Test
2022-03-28 17:17:30.807 | INFO     | FUNCLG.character.abilities:__init__:38 - Created Ability: Armor Buff
2022-03-28 17:17:30.807 | INFO     | FUNCLG.character.abilities:__init__:38 - Created Ability: Debuff Test
2022-03-28 17:17:30.808 | INFO     | FUNCLG.character.abilities:__init__:38 - Created Ability: Drain
2022-03-28 17:17:30.808 | INFO     | FUNCLG.character.abilities:__init__:38 - Created Ability: Debuff Test
2022-03-28 17:17:30.809 | INFO     | FUNCLG.character.roles:__init__:43 - Created Role: Rouge
2022-03-28 17:17:30.810 | INFO     | FUNCLG.character.roles:__init__:43 - Created Role: Mage
2022-03-28 17:17:30.810 | INFO     | FUNCLG.character.roles:print_to_file:99 - Saving Role: Warrior
2022-03-28 17:17:30.811 | INFO     | FUNCLG.character.roles:export:89 - Exporting Role: Warrior
2022-03-28 17:17:30.812 | INFO     | FUNCLG.character.abilities:export:52 - Exporting Ability: Slash
2022-03-28 17:17:30.813 | INFO     | FUNCLG.character.abilities:export:52 - Exporting Ability: Holy Light
2022-03-28 17:17:30.814 | INFO     | FUNCLG.character.roles:print_to_file:99 - Saving Role: Rouge
2022-03-28 17:17:30.816 | INFO     | FUNCLG.character.roles:export:89 - Exporting Role: Rouge
2022-03-28 17:17:30.816 | INFO     | FUNCLG.character.abilities:export:52 - Exporting Ability: Debuff Test
2022-03-28 17:17:30.818 | INFO     | FUNCLG.character.roles:print_to_file:99 - Saving Role: Mage
2022-03-28 17:17:30.819 | INFO     | FUNCLG.character.roles:export:89 - Exporting Role: Mage
2022-03-28 17:17:30.824 | INFO     | FUNCLG.character.abilities:__init__:38 - Created Ability: Fireball
2022-03-28 17:17:30.825 | INFO     | FUNCLG.character.abilities:__init__:38 - Created Ability: Slash
2022-03-28 17:17:30.825 | INFO     | FUNCLG.character.abilities:__init__:38 - Created Ability: Holy Light
2022-03-28 17:17:30.826 | INFO     | FUNCLG.character.abilities:__init__:38 - Created Ability: Buff Test
2022-03-28 17:17:30.826 | INFO     | FUNCLG.character.abilities:__init__:38 - Created Ability: Armor Buff
2022-03-28 17:17:30.827 | INFO     | FUNCLG.character.abilities:__init__:38 - Created Ability: Debuff Test
2022-03-28 17:17:30.828 | INFO     | FUNCLG.character.abilities:__init__:38 - Created Ability: Drain
2022-03-28 17:17:30.828 | INFO     | FUNCLG.character.abilities:__init__:38 - Created Ability: Slash
2022-03-28 17:17:30.829 | INFO     | FUNCLG.character.abilities:__init__:38 - Created Ability: Holy Light
2022-03-28 17:17:30.829 | INFO     | FUNCLG.character.roles:__init__:43 - Created Role: Warrior
2022-03-28 17:17:30.832 | INFO     | FUNCLG.character.abilities:__init__:38 - Created Ability: Fireball
2022-03-28 17:17:30.833 | INFO     | FUNCLG.character.abilities:__init__:38 - Created Ability: Slash
2022-03-28 17:17:30.834 | INFO     | FUNCLG.character.abilities:__init__:38 - Created Ability: Holy Light
2022-03-28 17:17:30.834 | INFO     | FUNCLG.character.abilities:__init__:38 - Created Ability: Buff Test
2022-03-28 17:17:30.835 | INFO     | FUNCLG.character.abilities:__init__:38 - Created Ability: Armor Buff
2022-03-28 17:17:30.835 | INFO     | FUNCLG.character.abilities:__init__:38 - Created Ability: Debuff Test
2022-03-28 17:17:30.836 | INFO     | FUNCLG.character.abilities:__init__:38 - Created Ability: Drain
2022-03-28 17:17:30.836 | INFO     | FUNCLG.character.abilities:__init__:38 - Created Ability: Slash
2022-03-28 17:17:30.837 | INFO     | FUNCLG.character.abilities:__init__:38 - Created Ability: Holy Light
2022-03-28 17:17:30.838 | INFO     | FUNCLG.character.roles:__init__:43 - Created Role: Warrior
2022-03-28 17:17:30.839 | INFO     | FUNCLG.character.abilities:__init__:38 - Created Ability: Fireball
2022-03-28 17:17:30.839 | INFO     | FUNCLG.character.abilities:__init__:38 - Created Ability: Slash
2022-03-28 17:17:30.840 | INFO     | FUNCLG.character.abilities:__init__:38 - Created Ability: Holy Light
2022-03-28 17:17:30.841 | INFO     | FUNCLG.character.abilities:__init__:38 - Created Ability: Buff Test
2022-03-28 17:17:30.841 | INFO     | FUNCLG.character.abilities:__init__:38 - Created Ability: Armor Buff
2022-03-28 17:17:30.842 | INFO     | FUNCLG.character.abilities:__init__:38 - Created Ability: Debuff Test
2022-03-28 17:17:30.842 | INFO     | FUNCLG.character.abilities:__init__:38 - Created Ability: Drain
2022-03-28 17:17:30.843 | INFO     | FUNCLG.character.abilities:__init__:38 - Created Ability: Debuff Test
2022-03-28 17:17:30.844 | INFO     | FUNCLG.character.roles:__init__:43 - Created Role: Rouge
2022-03-28 17:17:30.845 | INFO     | FUNCLG.character.roles:__init__:43 - Created Role: Mage
